[2026-04-12 13:15:43] ============================================================
[2026-04-12 13:15:43] Operator (Jarvis) Silent Launcher
[2026-04-12 13:15:43] Root Directory: C:\Projects\Operator
[2026-04-12 13:15:43] Logs Directory: C:\Projects\Operator\logs
[2026-04-12 13:15:43] ============================================================
[2026-04-12 13:15:43] Using virtual environment Python
[2026-04-12 13:15:43] 
Starting services...
[2026-04-12 13:15:43] ✓ Started HTTP API Server (PID: 21988)
[2026-04-12 13:15:43] Waiting 2s before starting WebSocket Server...
[2026-04-12 13:15:45] ✓ Started WebSocket Server (PID: 19660)
[2026-04-12 13:15:45] Waiting 2s before starting File Watcher...
[2026-04-12 13:15:47] ✓ Started File Watcher (PID: 7836)
[2026-04-12 13:15:47] Waiting 2s before starting Project Launcher...
[2026-04-12 13:15:49] ✓ Started Project Launcher (PID: 25568)
[2026-04-12 13:15:49] Waiting 8s before starting Frontend (Vite)...
[2026-04-12 13:15:57] ✗ Failed to start Frontend (Vite): [WinError 2] The system cannot find the file specified
[2026-04-12 13:15:57] 
Launcher error: [WinError 2] The system cannot find the file specified
[2026-04-12 13:15:57] 
Shutting down all services...
[2026-04-12 13:15:57] Stopping Project Launcher (PID: 25568)...
[2026-04-12 13:15:57]   ✓ Project Launcher stopped gracefully
[2026-04-12 13:15:57] Stopping File Watcher (PID: 7836)...
[2026-04-12 13:15:57]   ✓ File Watcher stopped gracefully
[2026-04-12 13:15:57] Stopping WebSocket Server (PID: 19660)...
[2026-04-12 13:15:57]   ✓ WebSocket Server stopped gracefully
[2026-04-12 13:15:57] Stopping HTTP API Server (PID: 21988)...
[2026-04-12 13:15:57]   ✓ HTTP API Server stopped gracefully
[2026-04-12 13:15:57] All services stopped.
[2026-04-12 13:29:47] ============================================================
[2026-04-12 13:29:47] Operator (Jarvis) Silent Launcher
[2026-04-12 13:29:47] Root Directory: C:\Projects\Operator
[2026-04-12 13:29:47] Logs Directory: C:\Projects\Operator\logs
[2026-04-12 13:29:47] ============================================================
[2026-04-12 13:29:47] Using virtual environment Python
[2026-04-12 13:29:47] 
Starting services...
[2026-04-12 13:29:47] ✓ Started HTTP API Server (PID: 4152)
[2026-04-12 13:29:47] Waiting 2s before starting WebSocket Server...
[2026-04-12 13:29:49] ✓ Started WebSocket Server (PID: 20416)
[2026-04-12 13:29:49] Waiting 2s before starting File Watcher...
[2026-04-12 13:29:51] ✓ Started File Watcher (PID: 19992)
[2026-04-12 13:29:51] Waiting 2s before starting Project Launcher...
[2026-04-12 13:29:53] ✓ Started Project Launcher (PID: 1284)
[2026-04-12 13:29:53] Waiting 8s before starting Frontend (Vite)...
[2026-04-12 13:30:01] ✗ Failed to start Frontend (Vite): [WinError 2] The system cannot find the file specified
[2026-04-12 13:30:01] 
Launcher error: [WinError 2] The system cannot find the file specified
[2026-04-12 13:30:01] 
Shutting down all services...
[2026-04-12 13:30:01] Stopping Project Launcher (PID: 1284)...
[2026-04-12 13:30:01]   ✓ Project Launcher stopped gracefully
[2026-04-12 13:30:01] Stopping File Watcher (PID: 19992)...
[2026-04-12 13:30:01]   ✓ File Watcher stopped gracefully
[2026-04-12 13:30:01] Stopping WebSocket Server (PID: 20416)...
[2026-04-12 13:30:01]   ✓ WebSocket Server stopped gracefully
[2026-04-12 13:30:01] Stopping HTTP API Server (PID: 4152)...
[2026-04-12 13:30:01]   ✓ HTTP API Server stopped gracefully
[2026-04-12 13:30:01] All services stopped.
