
============================================================
[2026-04-12 13:15:49] Starting Project Launcher
============================================================

============================================================
[2026-04-12 13:29:53] Starting Project Launcher
============================================================

============================================================
[2026-04-12 15:43:56] Starting Project Launcher
============================================================

============================================================
[2026-04-12 15:51:23] Starting Project Launcher
============================================================

============================================================
[2026-04-12 16:12:11] Starting Project Launcher
============================================================

============================================================
[2026-04-12 16:58:09] Starting Project Launcher
============================================================

============================================================
[2026-04-12 17:03:30] Starting Project Launcher
============================================================

============================================================
[2026-04-12 17:09:51] Starting Project Launcher
============================================================
Launching 2 project(s)...
[brainify] Started (PID: 13664) in new window
[brainify] 
[brainify] > react-example@0.0.0 dev
[brainify] > tsx server.ts
[brainify] 
[ERROR] Failed to launch brainify: 'charmap' codec can't decode byte 0x8f in position 58: character maps to <undefined>
[Brainnify-Ai] Started (PID: 17156) in new window
[Brainnify-Ai] 
[Brainnify-Ai] > vite_react_shadcn_ts@0.0.0 dev
[Brainnify-Ai] > vite
[Brainnify-Ai] 
[Brainnify-Ai] 
[Brainnify-Ai]   [32m[1mVITE[22m v7.3.2[39m  [2mready in [0m[1m357[22m[2m[0m ms[22m
[Brainnify-Ai] 
[Brainnify-Ai]   [32m➜[39m  [1mLocal[22m:   [36mhttp://localhost:[1m8080[22m/[39m
[Brainnify-Ai]   [32m➜[39m  [1mNetwork[22m: [36mhttp://192.168.11.247:[1m8080[22m/[39m
[Brainnify-Ai] ^C^C
[Brainnify-Ai] Process exited with code 3221225786
All projects launched. Press Ctrl+C to stop all.
